
2024/02/28 (13:24:48) | ===> btop++ v.1.3.2
2024/02/28 (13:24:48) | WARNING: NVML: Failed to get maximum GPU power draw, defaulting to 225W: Not Supported
2024/02/28 (13:24:48) | WARNING: NVML: Failed to get maximum GPU temperature, defaulting to 110°C: Not Supported
2024/02/28 (13:24:48) | WARNING: NVML: Failed to get GPU utilization: Not Supported
2024/02/28 (13:24:48) | WARNING: NVML: Failed to get GPU clock speed: Not Supported
2024/02/28 (13:24:48) | WARNING: NVML: Failed to get VRAM clock speed: Not Supported
2024/02/28 (13:24:48) | WARNING: NVML: Failed to get GPU power usage: Not Supported
2024/02/28 (13:24:48) | WARNING: NVML: Failed to get PCIe TX throughput: Not Supported
2024/02/28 (13:24:48) | WARNING: NVML: Failed to get PCIe RX throughput: Not Supported
2024/02/28 (13:24:48) | WARNING: NVML: Failed to get maximum GPU power draw, defaulting to 225W: Not Supported
2024/02/28 (13:24:48) | WARNING: NVML: Failed to get maximum GPU temperature, defaulting to 110°C: Not Supported
2024/02/28 (13:24:48) | WARNING: NVML: Failed to get GPU utilization: Not Supported
2024/02/28 (13:24:48) | WARNING: NVML: Failed to get GPU clock speed: Not Supported
2024/02/28 (13:24:48) | WARNING: NVML: Failed to get PCIe TX throughput: Not Supported
2024/02/28 (13:24:48) | WARNING: NVML: Failed to get VRAM clock speed: Not Supported
2024/02/28 (13:24:48) | WARNING: NVML: Failed to get GPU power usage: Not Supported
2024/02/28 (13:24:48) | WARNING: NVML: Failed to get PCIe RX throughput: Not Supported
2024/02/28 (13:24:50) | ERROR: Exception in runner thread -> Cpu:: -> graphs, clock, meter : _Map_base::at

2024/02/28 (13:24:52) | ===> btop++ v.1.3.2
2024/02/28 (13:24:52) | WARNING: NVML: Failed to get maximum GPU power draw, defaulting to 225W: Not Supported
2024/02/28 (13:24:52) | WARNING: NVML: Failed to get maximum GPU temperature, defaulting to 110°C: Not Supported
2024/02/28 (13:24:52) | WARNING: NVML: Failed to get GPU utilization: Not Supported
2024/02/28 (13:24:52) | WARNING: NVML: Failed to get GPU clock speed: Not Supported
2024/02/28 (13:24:52) | WARNING: NVML: Failed to get VRAM clock speed: Not Supported
2024/02/28 (13:24:52) | WARNING: NVML: Failed to get GPU power usage: Not Supported
2024/02/28 (13:24:52) | WARNING: NVML: Failed to get PCIe RX throughput: Not Supported
2024/02/28 (13:24:52) | WARNING: NVML: Failed to get PCIe TX throughput: Not Supported
2024/02/28 (13:24:52) | WARNING: NVML: Failed to get maximum GPU power draw, defaulting to 225W: Not Supported
2024/02/28 (13:24:52) | WARNING: NVML: Failed to get maximum GPU temperature, defaulting to 110°C: Not Supported
2024/02/28 (13:24:52) | WARNING: NVML: Failed to get GPU utilization: Not Supported
2024/02/28 (13:24:52) | WARNING: NVML: Failed to get GPU clock speed: Not Supported
2024/02/28 (13:24:52) | WARNING: NVML: Failed to get VRAM clock speed: Not Supported
2024/02/28 (13:24:52) | WARNING: NVML: Failed to get GPU power usage: Not Supported
2024/02/28 (13:24:52) | WARNING: NVML: Failed to get PCIe TX throughput: Not Supported
2024/02/28 (13:24:52) | WARNING: NVML: Failed to get PCIe RX throughput: Not Supported
2024/02/28 (13:24:54) | ERROR: Exception in runner thread -> Cpu:: -> graphs, clock, meter : _Map_base::at

2024/02/28 (13:58:17) | ===> btop++ v.1.3.2
2024/02/28 (13:58:17) | WARNING: NVML: Failed to get maximum GPU power draw, defaulting to 225W: Not Supported
2024/02/28 (13:58:17) | WARNING: NVML: Failed to get maximum GPU temperature, defaulting to 110°C: Not Supported
2024/02/28 (13:58:17) | WARNING: NVML: Failed to get GPU utilization: Not Supported
2024/02/28 (13:58:17) | WARNING: NVML: Failed to get GPU clock speed: Not Supported
2024/02/28 (13:58:17) | WARNING: NVML: Failed to get VRAM clock speed: Not Supported
2024/02/28 (13:58:17) | WARNING: NVML: Failed to get GPU power usage: Not Supported
2024/02/28 (13:58:17) | WARNING: NVML: Failed to get PCIe TX throughput: Not Supported
2024/02/28 (13:58:17) | WARNING: NVML: Failed to get PCIe RX throughput: Not Supported
2024/02/28 (13:58:17) | WARNING: NVML: Failed to get maximum GPU power draw, defaulting to 225W: Not Supported
2024/02/28 (13:58:17) | WARNING: NVML: Failed to get maximum GPU temperature, defaulting to 110°C: Not Supported
2024/02/28 (13:58:17) | WARNING: NVML: Failed to get GPU utilization: Not Supported
2024/02/28 (13:58:17) | WARNING: NVML: Failed to get GPU clock speed: Not Supported
2024/02/28 (13:58:17) | WARNING: NVML: Failed to get VRAM clock speed: Not Supported
2024/02/28 (13:58:17) | WARNING: NVML: Failed to get GPU power usage: Not Supported
2024/02/28 (13:58:17) | WARNING: NVML: Failed to get PCIe TX throughput: Not Supported
2024/02/28 (13:58:17) | WARNING: NVML: Failed to get PCIe RX throughput: Not Supported
2024/02/28 (13:58:19) | ERROR: Exception in runner thread -> Cpu:: -> graphs, clock, meter : _Map_base::at

2024/03/01 (14:50:21) | ===> btop++ v.1.3.2
2024/03/01 (14:50:21) | WARNING: NVML: Failed to get maximum GPU power draw, defaulting to 225W: Not Supported
2024/03/01 (14:50:21) | WARNING: NVML: Failed to get maximum GPU temperature, defaulting to 110°C: Not Supported
2024/03/01 (14:50:21) | WARNING: NVML: Failed to get GPU utilization: Not Supported
2024/03/01 (14:50:21) | WARNING: NVML: Failed to get GPU clock speed: Not Supported
2024/03/01 (14:50:21) | WARNING: NVML: Failed to get VRAM clock speed: Not Supported
2024/03/01 (14:50:21) | WARNING: NVML: Failed to get GPU power usage: Not Supported
2024/03/01 (14:50:21) | WARNING: NVML: Failed to get PCIe RX throughput: Not Supported
2024/03/01 (14:50:21) | WARNING: NVML: Failed to get PCIe TX throughput: Not Supported
2024/03/01 (14:50:21) | WARNING: NVML: Failed to get maximum GPU power draw, defaulting to 225W: Not Supported
2024/03/01 (14:50:21) | WARNING: NVML: Failed to get maximum GPU temperature, defaulting to 110°C: Not Supported
2024/03/01 (14:50:21) | WARNING: NVML: Failed to get GPU utilization: Not Supported
2024/03/01 (14:50:21) | WARNING: NVML: Failed to get GPU clock speed: Not Supported
2024/03/01 (14:50:21) | WARNING: NVML: Failed to get VRAM clock speed: Not Supported
2024/03/01 (14:50:21) | WARNING: NVML: Failed to get GPU power usage: Not Supported
2024/03/01 (14:50:21) | WARNING: NVML: Failed to get PCIe TX throughput: Not Supported
2024/03/01 (14:50:21) | WARNING: NVML: Failed to get PCIe RX throughput: Not Supported
2024/03/01 (14:50:29) | ERROR: Exception in runner thread -> Cpu:: -> graphs, clock, meter : _Map_base::at

2024/03/01 (16:52:40) | ===> btop++ v.1.3.2
2024/03/01 (16:52:40) | WARNING: NVML: Failed to get maximum GPU power draw, defaulting to 225W: Not Supported
2024/03/01 (16:52:40) | WARNING: NVML: Failed to get maximum GPU temperature, defaulting to 110°C: Not Supported
2024/03/01 (16:52:40) | WARNING: NVML: Failed to get GPU utilization: Not Supported
2024/03/01 (16:52:40) | WARNING: NVML: Failed to get GPU clock speed: Not Supported
2024/03/01 (16:52:40) | WARNING: NVML: Failed to get VRAM clock speed: Not Supported
2024/03/01 (16:52:40) | WARNING: NVML: Failed to get GPU power usage: Not Supported
2024/03/01 (16:52:40) | WARNING: NVML: Failed to get PCIe TX throughput: Not Supported
2024/03/01 (16:52:40) | WARNING: NVML: Failed to get PCIe RX throughput: Not Supported
2024/03/01 (16:52:40) | WARNING: NVML: Failed to get maximum GPU power draw, defaulting to 225W: Not Supported
2024/03/01 (16:52:40) | WARNING: NVML: Failed to get maximum GPU temperature, defaulting to 110°C: Not Supported
2024/03/01 (16:52:40) | WARNING: NVML: Failed to get GPU utilization: Not Supported
2024/03/01 (16:52:40) | WARNING: NVML: Failed to get GPU clock speed: Not Supported
2024/03/01 (16:52:40) | WARNING: NVML: Failed to get VRAM clock speed: Not Supported
2024/03/01 (16:52:40) | WARNING: NVML: Failed to get GPU power usage: Not Supported
2024/03/01 (16:52:40) | WARNING: NVML: Failed to get PCIe TX throughput: Not Supported
2024/03/01 (16:52:40) | WARNING: NVML: Failed to get PCIe RX throughput: Not Supported
2024/03/01 (16:52:43) | ERROR: Exception in runner thread -> Cpu:: -> graphs, clock, meter : _Map_base::at

2024/04/10 (10:08:19) | ===> btop++ v.1.3.2
2024/04/10 (10:08:19) | WARNING: NVML: Failed to get maximum GPU power draw, defaulting to 225W: Not Supported
2024/04/10 (10:08:19) | WARNING: NVML: Failed to get maximum GPU temperature, defaulting to 110°C: Not Supported
2024/04/10 (10:08:19) | WARNING: NVML: Failed to get GPU utilization: Not Supported
2024/04/10 (10:08:19) | WARNING: NVML: Failed to get GPU clock speed: Not Supported
2024/04/10 (10:08:19) | WARNING: NVML: Failed to get VRAM clock speed: Not Supported
2024/04/10 (10:08:19) | WARNING: NVML: Failed to get GPU power usage: Not Supported
2024/04/10 (10:08:19) | WARNING: NVML: Failed to get PCIe TX throughput: Not Supported
2024/04/10 (10:08:19) | WARNING: NVML: Failed to get PCIe RX throughput: Not Supported
2024/04/10 (10:08:19) | WARNING: NVML: Failed to get maximum GPU power draw, defaulting to 225W: Not Supported
2024/04/10 (10:08:19) | WARNING: NVML: Failed to get maximum GPU temperature, defaulting to 110°C: Not Supported
2024/04/10 (10:08:19) | WARNING: NVML: Failed to get GPU utilization: Not Supported
2024/04/10 (10:08:19) | WARNING: NVML: Failed to get GPU clock speed: Not Supported
2024/04/10 (10:08:19) | WARNING: NVML: Failed to get VRAM clock speed: Not Supported
2024/04/10 (10:08:19) | WARNING: NVML: Failed to get GPU power usage: Not Supported
2024/04/10 (10:08:19) | WARNING: NVML: Failed to get PCIe TX throughput: Not Supported
2024/04/10 (10:08:19) | WARNING: NVML: Failed to get PCIe RX throughput: Not Supported
2024/04/10 (10:08:21) | ERROR: Exception in runner thread -> Cpu:: -> graphs, clock, meter : _Map_base::at

2024/04/10 (10:08:34) | ===> btop++ v.1.3.2
2024/04/10 (10:08:34) | WARNING: NVML: Failed to get maximum GPU power draw, defaulting to 225W: Not Supported
2024/04/10 (10:08:34) | WARNING: NVML: Failed to get maximum GPU temperature, defaulting to 110°C: Not Supported
2024/04/10 (10:08:34) | WARNING: NVML: Failed to get GPU utilization: Not Supported
2024/04/10 (10:08:34) | WARNING: NVML: Failed to get GPU clock speed: Not Supported
2024/04/10 (10:08:34) | WARNING: NVML: Failed to get VRAM clock speed: Not Supported
2024/04/10 (10:08:34) | WARNING: NVML: Failed to get GPU power usage: Not Supported
2024/04/10 (10:08:34) | WARNING: NVML: Failed to get PCIe TX throughput: Not Supported
2024/04/10 (10:08:34) | WARNING: NVML: Failed to get PCIe RX throughput: Not Supported
2024/04/10 (10:08:34) | WARNING: NVML: Failed to get maximum GPU power draw, defaulting to 225W: Not Supported
2024/04/10 (10:08:34) | WARNING: NVML: Failed to get maximum GPU temperature, defaulting to 110°C: Not Supported
2024/04/10 (10:08:34) | WARNING: NVML: Failed to get GPU utilization: Not Supported
2024/04/10 (10:08:34) | WARNING: NVML: Failed to get GPU clock speed: Not Supported
2024/04/10 (10:08:34) | WARNING: NVML: Failed to get VRAM clock speed: Not Supported
2024/04/10 (10:08:34) | WARNING: NVML: Failed to get GPU power usage: Not Supported
2024/04/10 (10:08:34) | WARNING: NVML: Failed to get PCIe TX throughput: Not Supported
2024/04/10 (10:08:34) | WARNING: NVML: Failed to get PCIe RX throughput: Not Supported
2024/04/10 (10:08:36) | ERROR: Exception in runner thread -> Cpu:: -> graphs, clock, meter : _Map_base::at

2024/04/10 (11:02:53) | ===> btop++ v.1.2.13
2024/04/10 (11:02:53) | ERROR: Exception in runner thread -> Cpu:: -> key not found

2024/06/03 (16:33:43) | ===> btop++ v.1.2.13
2024/06/03 (16:33:43) | ERROR: Exception in runner thread -> Cpu:: -> key not found

2024/10/09 (15:12:16) | ===> btop++ v.1.2.13
2024/10/09 (15:12:16) | ERROR: Exception in runner thread -> Cpu:: -> key not found

2024/10/11 (15:33:53) | ===> btop++ v.1.2.13
2024/10/11 (15:33:53) | ERROR: Exception in runner thread -> Cpu:: -> key not found

2024/10/28 (10:19:51) | ===> btop++ v.1.2.13
2024/10/28 (10:19:51) | ERROR: Exception in runner thread -> Cpu:: -> key not found

2024/10/28 (11:11:12) | ===> btop++ v.1.2.13
2024/10/28 (11:11:12) | ERROR: Exception in runner thread -> Cpu:: -> key not found

2024/10/28 (11:12:10) | ===> btop++ v.1.2.13
2024/10/28 (11:12:10) | ERROR: Exception in runner thread -> Cpu:: -> key not found
